CRITICAL - 2021-01-28 00:54:04 --> Call to undefined method CodeIgniter\View\View::extends()
#0 /opt/lampp/htdocs/prohum/vendor/codeigniter4/framework/system/View/View.php(246): include()
#1 /opt/lampp/htdocs/prohum/vendor/codeigniter4/framework/system/Common.php(1119): CodeIgniter\View\View->render()
#2 /opt/lampp/htdocs/prohum/app/Controllers/Auth.php(21): view()
#3 /opt/lampp/htdocs/prohum/vendor/codeigniter4/framework/system/CodeIgniter.php(918): App\Controllers\Auth->index()
#4 /opt/lampp/htdocs/prohum/vendor/codeigniter4/framework/system/CodeIgniter.php(404): CodeIgniter\CodeIgniter->runController()
#5 /opt/lampp/htdocs/prohum/vendor/codeigniter4/framework/system/CodeIgniter.php(312): CodeIgniter\CodeIgniter->handleRequest()
#6 /opt/lampp/htdocs/prohum/public/index.php(45): CodeIgniter\CodeIgniter->run()
#7 /opt/lampp/htdocs/prohum/vendor/codeigniter4/framework/system/Commands/Server/rewrite.php(34): require_once('/opt/lampp/htdo...')
#8 {main}
CRITICAL - 2021-01-28 00:57:03 --> Unable to connect to the database.
#0 /opt/lampp/htdocs/prohum/vendor/codeigniter4/framework/system/Database/BaseConnection.php(646): CodeIgniter\Database\BaseConnection->initialize()
#1 /opt/lampp/htdocs/prohum/vendor/codeigniter4/framework/system/Database/BaseBuilder.php(1860): CodeIgniter\Database\BaseConnection->query()
#2 /opt/lampp/htdocs/prohum/vendor/codeigniter4/framework/system/Model.php(506): CodeIgniter\Database\BaseBuilder->get()
#3 /opt/lampp/htdocs/prohum/app/Models/M_auth.php(18): CodeIgniter\Model->first()
#4 /opt/lampp/htdocs/prohum/app/Controllers/Auth.php(29): App\Models\M_auth->getAkun()
#5 /opt/lampp/htdocs/prohum/vendor/codeigniter4/framework/system/CodeIgniter.php(918): App\Controllers\Auth->login()
#6 /opt/lampp/htdocs/prohum/vendor/codeigniter4/framework/system/CodeIgniter.php(404): CodeIgniter\CodeIgniter->runController()
#7 /opt/lampp/htdocs/prohum/vendor/codeigniter4/framework/system/CodeIgniter.php(312): CodeIgniter\CodeIgniter->handleRequest()
#8 /opt/lampp/htdocs/prohum/public/index.php(45): CodeIgniter\CodeIgniter->run()
#9 /opt/lampp/htdocs/prohum/vendor/codeigniter4/framework/system/Commands/Server/rewrite.php(34): require_once('/opt/lampp/htdo...')
#10 {main}
CRITICAL - 2021-01-28 00:57:31 --> Unable to connect to the database.
#0 /opt/lampp/htdocs/prohum/vendor/codeigniter4/framework/system/Database/BaseConnection.php(646): CodeIgniter\Database\BaseConnection->initialize()
#1 /opt/lampp/htdocs/prohum/vendor/codeigniter4/framework/system/Database/BaseBuilder.php(1860): CodeIgniter\Database\BaseConnection->query()
#2 /opt/lampp/htdocs/prohum/vendor/codeigniter4/framework/system/Model.php(506): CodeIgniter\Database\BaseBuilder->get()
#3 /opt/lampp/htdocs/prohum/app/Models/M_auth.php(18): CodeIgniter\Model->first()
#4 /opt/lampp/htdocs/prohum/app/Controllers/Auth.php(29): App\Models\M_auth->getAkun()
#5 /opt/lampp/htdocs/prohum/vendor/codeigniter4/framework/system/CodeIgniter.php(918): App\Controllers\Auth->login()
#6 /opt/lampp/htdocs/prohum/vendor/codeigniter4/framework/system/CodeIgniter.php(404): CodeIgniter\CodeIgniter->runController()
#7 /opt/lampp/htdocs/prohum/vendor/codeigniter4/framework/system/CodeIgniter.php(312): CodeIgniter\CodeIgniter->handleRequest()
#8 /opt/lampp/htdocs/prohum/public/index.php(45): CodeIgniter\CodeIgniter->run()
#9 /opt/lampp/htdocs/prohum/vendor/codeigniter4/framework/system/Commands/Server/rewrite.php(34): require_once('/opt/lampp/htdo...')
#10 {main}
CRITICAL - 2021-01-28 00:57:33 --> Unable to connect to the database.
#0 /opt/lampp/htdocs/prohum/vendor/codeigniter4/framework/system/Database/BaseConnection.php(646): CodeIgniter\Database\BaseConnection->initialize()
#1 /opt/lampp/htdocs/prohum/vendor/codeigniter4/framework/system/Database/BaseBuilder.php(1860): CodeIgniter\Database\BaseConnection->query()
#2 /opt/lampp/htdocs/prohum/vendor/codeigniter4/framework/system/Model.php(506): CodeIgniter\Database\BaseBuilder->get()
#3 /opt/lampp/htdocs/prohum/app/Models/M_auth.php(18): CodeIgniter\Model->first()
#4 /opt/lampp/htdocs/prohum/app/Controllers/Auth.php(29): App\Models\M_auth->getAkun()
#5 /opt/lampp/htdocs/prohum/vendor/codeigniter4/framework/system/CodeIgniter.php(918): App\Controllers\Auth->login()
#6 /opt/lampp/htdocs/prohum/vendor/codeigniter4/framework/system/CodeIgniter.php(404): CodeIgniter\CodeIgniter->runController()
#7 /opt/lampp/htdocs/prohum/vendor/codeigniter4/framework/system/CodeIgniter.php(312): CodeIgniter\CodeIgniter->handleRequest()
#8 /opt/lampp/htdocs/prohum/public/index.php(45): CodeIgniter\CodeIgniter->run()
#9 /opt/lampp/htdocs/prohum/vendor/codeigniter4/framework/system/Commands/Server/rewrite.php(34): require_once('/opt/lampp/htdo...')
#10 {main}
CRITICAL - 2021-01-28 01:39:39 --> You must set the database table to be used with your query.
#0 /opt/lampp/htdocs/prohum/vendor/codeigniter4/framework/system/Model.php(1237): CodeIgniter\Database\BaseConnection->table()
#1 /opt/lampp/htdocs/prohum/vendor/codeigniter4/framework/system/Model.php(1816): CodeIgniter\Model->builder()
#2 /opt/lampp/htdocs/prohum/app/Models/M_admin.php(11): CodeIgniter\Model->__call()
#3 /opt/lampp/htdocs/prohum/app/Controllers/User.php(21): App\Models\M_admin->getAkun()
#4 /opt/lampp/htdocs/prohum/vendor/codeigniter4/framework/system/CodeIgniter.php(918): App\Controllers\User->index()
#5 /opt/lampp/htdocs/prohum/vendor/codeigniter4/framework/system/CodeIgniter.php(404): CodeIgniter\CodeIgniter->runController()
#6 /opt/lampp/htdocs/prohum/vendor/codeigniter4/framework/system/CodeIgniter.php(312): CodeIgniter\CodeIgniter->handleRequest()
#7 /opt/lampp/htdocs/prohum/public/index.php(45): CodeIgniter\CodeIgniter->run()
#8 /opt/lampp/htdocs/prohum/vendor/codeigniter4/framework/system/Commands/Server/rewrite.php(34): require_once('/opt/lampp/htdo...')
#9 {main}
CRITICAL - 2021-01-28 01:43:17 --> Invalid file: .php
#0 /opt/lampp/htdocs/prohum/vendor/codeigniter4/framework/system/View/View.php(228): CodeIgniter\Exceptions\FrameworkException::forInvalidFile()
#1 /opt/lampp/htdocs/prohum/vendor/codeigniter4/framework/system/Common.php(1119): CodeIgniter\View\View->render()
#2 /opt/lampp/htdocs/prohum/app/Controllers/User.php(26): view()
#3 /opt/lampp/htdocs/prohum/vendor/codeigniter4/framework/system/CodeIgniter.php(918): App\Controllers\User->index()
#4 /opt/lampp/htdocs/prohum/vendor/codeigniter4/framework/system/CodeIgniter.php(404): CodeIgniter\CodeIgniter->runController()
#5 /opt/lampp/htdocs/prohum/vendor/codeigniter4/framework/system/CodeIgniter.php(312): CodeIgniter\CodeIgniter->handleRequest()
#6 /opt/lampp/htdocs/prohum/public/index.php(45): CodeIgniter\CodeIgniter->run()
#7 /opt/lampp/htdocs/prohum/vendor/codeigniter4/framework/system/Commands/Server/rewrite.php(34): require_once('/opt/lampp/htdo...')
#8 {main}
CRITICAL - 2021-01-28 01:45:07 --> Undefined variable: unit
#0 /opt/lampp/htdocs/prohum/app/Views/layouts/sidebar_admin.php(45): CodeIgniter\Debug\Exceptions->errorHandler()
#1 /opt/lampp/htdocs/prohum/vendor/codeigniter4/framework/system/View/View.php(246): include('/opt/lampp/htdo...')
#2 /opt/lampp/htdocs/prohum/vendor/codeigniter4/framework/system/View/View.php(257): CodeIgniter\View\View->render()
#3 /opt/lampp/htdocs/prohum/vendor/codeigniter4/framework/system/Common.php(1119): CodeIgniter\View\View->render()
#4 /opt/lampp/htdocs/prohum/app/Controllers/User.php(26): view()
#5 /opt/lampp/htdocs/prohum/vendor/codeigniter4/framework/system/CodeIgniter.php(918): App\Controllers\User->index()
#6 /opt/lampp/htdocs/prohum/vendor/codeigniter4/framework/system/CodeIgniter.php(404): CodeIgniter\CodeIgniter->runController()
#7 /opt/lampp/htdocs/prohum/vendor/codeigniter4/framework/system/CodeIgniter.php(312): CodeIgniter\CodeIgniter->handleRequest()
#8 /opt/lampp/htdocs/prohum/public/index.php(45): CodeIgniter\CodeIgniter->run()
#9 /opt/lampp/htdocs/prohum/vendor/codeigniter4/framework/system/Commands/Server/rewrite.php(34): require_once('/opt/lampp/htdo...')
#10 {main}
CRITICAL - 2021-01-28 01:48:07 --> Invalid file: sidebar.php
#0 /opt/lampp/htdocs/prohum/vendor/codeigniter4/framework/system/View/View.php(228): CodeIgniter\Exceptions\FrameworkException::forInvalidFile()
#1 /opt/lampp/htdocs/prohum/vendor/codeigniter4/framework/system/View/View.php(257): CodeIgniter\View\View->render()
#2 /opt/lampp/htdocs/prohum/vendor/codeigniter4/framework/system/View/View.php(257): CodeIgniter\View\View->render()
#3 /opt/lampp/htdocs/prohum/vendor/codeigniter4/framework/system/Common.php(1119): CodeIgniter\View\View->render()
#4 /opt/lampp/htdocs/prohum/app/Controllers/User.php(27): view()
#5 /opt/lampp/htdocs/prohum/vendor/codeigniter4/framework/system/CodeIgniter.php(918): App\Controllers\User->index()
#6 /opt/lampp/htdocs/prohum/vendor/codeigniter4/framework/system/CodeIgniter.php(404): CodeIgniter\CodeIgniter->runController()
#7 /opt/lampp/htdocs/prohum/vendor/codeigniter4/framework/system/CodeIgniter.php(312): CodeIgniter\CodeIgniter->handleRequest()
#8 /opt/lampp/htdocs/prohum/public/index.php(45): CodeIgniter\CodeIgniter->run()
#9 /opt/lampp/htdocs/prohum/vendor/codeigniter4/framework/system/Commands/Server/rewrite.php(34): require_once('/opt/lampp/htdo...')
#10 {main}
CRITICAL - 2021-01-28 01:55:23 --> Trying to access array offset on value of type null
#0 /opt/lampp/htdocs/prohum/app/Views/layouts/sidebar_admin.php(23): CodeIgniter\Debug\Exceptions->errorHandler()
#1 /opt/lampp/htdocs/prohum/vendor/codeigniter4/framework/system/View/View.php(246): include('/opt/lampp/htdo...')
#2 /opt/lampp/htdocs/prohum/vendor/codeigniter4/framework/system/View/View.php(257): CodeIgniter\View\View->render()
#3 /opt/lampp/htdocs/prohum/vendor/codeigniter4/framework/system/Common.php(1119): CodeIgniter\View\View->render()
#4 /opt/lampp/htdocs/prohum/app/Controllers/User.php(28): view()
#5 /opt/lampp/htdocs/prohum/vendor/codeigniter4/framework/system/CodeIgniter.php(918): App\Controllers\User->index()
#6 /opt/lampp/htdocs/prohum/vendor/codeigniter4/framework/system/CodeIgniter.php(404): CodeIgniter\CodeIgniter->runController()
#7 /opt/lampp/htdocs/prohum/vendor/codeigniter4/framework/system/CodeIgniter.php(312): CodeIgniter\CodeIgniter->handleRequest()
#8 /opt/lampp/htdocs/prohum/public/index.php(45): CodeIgniter\CodeIgniter->run()
#9 /opt/lampp/htdocs/prohum/vendor/codeigniter4/framework/system/Commands/Server/rewrite.php(34): require_once('/opt/lampp/htdo...')
#10 {main}
CRITICAL - 2021-01-28 01:56:19 --> Trying to access array offset on value of type null
#0 /opt/lampp/htdocs/prohum/app/Views/layouts/sidebar_admin.php(23): CodeIgniter\Debug\Exceptions->errorHandler()
#1 /opt/lampp/htdocs/prohum/vendor/codeigniter4/framework/system/View/View.php(246): include('/opt/lampp/htdo...')
#2 /opt/lampp/htdocs/prohum/vendor/codeigniter4/framework/system/View/View.php(257): CodeIgniter\View\View->render()
#3 /opt/lampp/htdocs/prohum/vendor/codeigniter4/framework/system/Common.php(1119): CodeIgniter\View\View->render()
#4 /opt/lampp/htdocs/prohum/app/Controllers/User.php(28): view()
#5 /opt/lampp/htdocs/prohum/vendor/codeigniter4/framework/system/CodeIgniter.php(918): App\Controllers\User->index()
#6 /opt/lampp/htdocs/prohum/vendor/codeigniter4/framework/system/CodeIgniter.php(404): CodeIgniter\CodeIgniter->runController()
#7 /opt/lampp/htdocs/prohum/vendor/codeigniter4/framework/system/CodeIgniter.php(312): CodeIgniter\CodeIgniter->handleRequest()
#8 /opt/lampp/htdocs/prohum/public/index.php(45): CodeIgniter\CodeIgniter->run()
#9 /opt/lampp/htdocs/prohum/vendor/codeigniter4/framework/system/Commands/Server/rewrite.php(34): require_once('/opt/lampp/htdo...')
#10 {main}
CRITICAL - 2021-01-28 02:07:44 --> Trying to access array offset on value of type null
#0 /opt/lampp/htdocs/prohum/app/Views/layouts/sidebar_admin.php(19): CodeIgniter\Debug\Exceptions->errorHandler()
#1 /opt/lampp/htdocs/prohum/vendor/codeigniter4/framework/system/View/View.php(246): include('/opt/lampp/htdo...')
#2 /opt/lampp/htdocs/prohum/vendor/codeigniter4/framework/system/View/View.php(257): CodeIgniter\View\View->render()
#3 /opt/lampp/htdocs/prohum/vendor/codeigniter4/framework/system/Common.php(1119): CodeIgniter\View\View->render()
#4 /opt/lampp/htdocs/prohum/app/Controllers/User.php(28): view()
#5 /opt/lampp/htdocs/prohum/vendor/codeigniter4/framework/system/CodeIgniter.php(918): App\Controllers\User->index()
#6 /opt/lampp/htdocs/prohum/vendor/codeigniter4/framework/system/CodeIgniter.php(404): CodeIgniter\CodeIgniter->runController()
#7 /opt/lampp/htdocs/prohum/vendor/codeigniter4/framework/system/CodeIgniter.php(312): CodeIgniter\CodeIgniter->handleRequest()
#8 /opt/lampp/htdocs/prohum/public/index.php(45): CodeIgniter\CodeIgniter->run()
#9 /opt/lampp/htdocs/prohum/vendor/codeigniter4/framework/system/Commands/Server/rewrite.php(34): require_once('/opt/lampp/htdo...')
#10 {main}
CRITICAL - 2021-01-28 02:25:22 --> Cannot redeclare App\Models\M_user::getJmlAdmin()
#0 [internal function]: CodeIgniter\Debug\Exceptions->shutdownHandler()
#1 {main}
CRITICAL - 2021-01-28 02:25:36 --> Cannot redeclare App\Models\M_user::getJmlAdmin()
#0 [internal function]: CodeIgniter\Debug\Exceptions->shutdownHandler()
#1 {main}
CRITICAL - 2021-01-28 02:26:55 --> Array to string conversion
#0 /opt/lampp/htdocs/prohum/app/Views/user/dashboard.php(31): CodeIgniter\Debug\Exceptions->errorHandler()
#1 /opt/lampp/htdocs/prohum/vendor/codeigniter4/framework/system/View/View.php(246): include('/opt/lampp/htdo...')
#2 /opt/lampp/htdocs/prohum/vendor/codeigniter4/framework/system/Common.php(1119): CodeIgniter\View\View->render()
#3 /opt/lampp/htdocs/prohum/app/Controllers/User.php(34): view()
#4 /opt/lampp/htdocs/prohum/vendor/codeigniter4/framework/system/CodeIgniter.php(918): App\Controllers\User->index()
#5 /opt/lampp/htdocs/prohum/vendor/codeigniter4/framework/system/CodeIgniter.php(404): CodeIgniter\CodeIgniter->runController()
#6 /opt/lampp/htdocs/prohum/vendor/codeigniter4/framework/system/CodeIgniter.php(312): CodeIgniter\CodeIgniter->handleRequest()
#7 /opt/lampp/htdocs/prohum/public/index.php(45): CodeIgniter\CodeIgniter->run()
#8 /opt/lampp/htdocs/prohum/vendor/codeigniter4/framework/system/Commands/Server/rewrite.php(34): require_once('/opt/lampp/htdo...')
#9 {main}
CRITICAL - 2021-01-28 02:28:05 --> Array to string conversion
#0 /opt/lampp/htdocs/prohum/app/Views/user/dashboard.php(31): CodeIgniter\Debug\Exceptions->errorHandler()
#1 /opt/lampp/htdocs/prohum/vendor/codeigniter4/framework/system/View/View.php(246): include('/opt/lampp/htdo...')
#2 /opt/lampp/htdocs/prohum/vendor/codeigniter4/framework/system/Common.php(1119): CodeIgniter\View\View->render()
#3 /opt/lampp/htdocs/prohum/app/Controllers/User.php(34): view()
#4 /opt/lampp/htdocs/prohum/vendor/codeigniter4/framework/system/CodeIgniter.php(918): App\Controllers\User->index()
#5 /opt/lampp/htdocs/prohum/vendor/codeigniter4/framework/system/CodeIgniter.php(404): CodeIgniter\CodeIgniter->runController()
#6 /opt/lampp/htdocs/prohum/vendor/codeigniter4/framework/system/CodeIgniter.php(312): CodeIgniter\CodeIgniter->handleRequest()
#7 /opt/lampp/htdocs/prohum/public/index.php(45): CodeIgniter\CodeIgniter->run()
#8 /opt/lampp/htdocs/prohum/vendor/codeigniter4/framework/system/Commands/Server/rewrite.php(34): require_once('/opt/lampp/htdo...')
#9 {main}
CRITICAL - 2021-01-28 02:28:06 --> Array to string conversion
#0 /opt/lampp/htdocs/prohum/app/Views/user/dashboard.php(31): CodeIgniter\Debug\Exceptions->errorHandler()
#1 /opt/lampp/htdocs/prohum/vendor/codeigniter4/framework/system/View/View.php(246): include('/opt/lampp/htdo...')
#2 /opt/lampp/htdocs/prohum/vendor/codeigniter4/framework/system/Common.php(1119): CodeIgniter\View\View->render()
#3 /opt/lampp/htdocs/prohum/app/Controllers/User.php(34): view()
#4 /opt/lampp/htdocs/prohum/vendor/codeigniter4/framework/system/CodeIgniter.php(918): App\Controllers\User->index()
#5 /opt/lampp/htdocs/prohum/vendor/codeigniter4/framework/system/CodeIgniter.php(404): CodeIgniter\CodeIgniter->runController()
#6 /opt/lampp/htdocs/prohum/vendor/codeigniter4/framework/system/CodeIgniter.php(312): CodeIgniter\CodeIgniter->handleRequest()
#7 /opt/lampp/htdocs/prohum/public/index.php(45): CodeIgniter\CodeIgniter->run()
#8 /opt/lampp/htdocs/prohum/vendor/codeigniter4/framework/system/Commands/Server/rewrite.php(34): require_once('/opt/lampp/htdo...')
#9 {main}
CRITICAL - 2021-01-28 02:28:40 --> Array to string conversion
#0 /opt/lampp/htdocs/prohum/app/Views/user/dashboard.php(31): CodeIgniter\Debug\Exceptions->errorHandler()
#1 /opt/lampp/htdocs/prohum/vendor/codeigniter4/framework/system/View/View.php(246): include('/opt/lampp/htdo...')
#2 /opt/lampp/htdocs/prohum/vendor/codeigniter4/framework/system/Common.php(1119): CodeIgniter\View\View->render()
#3 /opt/lampp/htdocs/prohum/app/Controllers/User.php(34): view()
#4 /opt/lampp/htdocs/prohum/vendor/codeigniter4/framework/system/CodeIgniter.php(918): App\Controllers\User->index()
#5 /opt/lampp/htdocs/prohum/vendor/codeigniter4/framework/system/CodeIgniter.php(404): CodeIgniter\CodeIgniter->runController()
#6 /opt/lampp/htdocs/prohum/vendor/codeigniter4/framework/system/CodeIgniter.php(312): CodeIgniter\CodeIgniter->handleRequest()
#7 /opt/lampp/htdocs/prohum/public/index.php(45): CodeIgniter\CodeIgniter->run()
#8 /opt/lampp/htdocs/prohum/vendor/codeigniter4/framework/system/Commands/Server/rewrite.php(34): require_once('/opt/lampp/htdo...')
#9 {main}
CRITICAL - 2021-01-28 02:28:41 --> Array to string conversion
#0 /opt/lampp/htdocs/prohum/app/Views/user/dashboard.php(31): CodeIgniter\Debug\Exceptions->errorHandler()
#1 /opt/lampp/htdocs/prohum/vendor/codeigniter4/framework/system/View/View.php(246): include('/opt/lampp/htdo...')
#2 /opt/lampp/htdocs/prohum/vendor/codeigniter4/framework/system/Common.php(1119): CodeIgniter\View\View->render()
#3 /opt/lampp/htdocs/prohum/app/Controllers/User.php(34): view()
#4 /opt/lampp/htdocs/prohum/vendor/codeigniter4/framework/system/CodeIgniter.php(918): App\Controllers\User->index()
#5 /opt/lampp/htdocs/prohum/vendor/codeigniter4/framework/system/CodeIgniter.php(404): CodeIgniter\CodeIgniter->runController()
#6 /opt/lampp/htdocs/prohum/vendor/codeigniter4/framework/system/CodeIgniter.php(312): CodeIgniter\CodeIgniter->handleRequest()
#7 /opt/lampp/htdocs/prohum/public/index.php(45): CodeIgniter\CodeIgniter->run()
#8 /opt/lampp/htdocs/prohum/vendor/codeigniter4/framework/system/Commands/Server/rewrite.php(34): require_once('/opt/lampp/htdo...')
#9 {main}
CRITICAL - 2021-01-28 02:30:42 --> Trying to access array offset on value of type null
#0 /opt/lampp/htdocs/prohum/app/Views/user/dashboard.php(24): CodeIgniter\Debug\Exceptions->errorHandler()
#1 /opt/lampp/htdocs/prohum/vendor/codeigniter4/framework/system/View/View.php(246): include('/opt/lampp/htdo...')
#2 /opt/lampp/htdocs/prohum/vendor/codeigniter4/framework/system/Common.php(1119): CodeIgniter\View\View->render()
#3 /opt/lampp/htdocs/prohum/app/Controllers/User.php(34): view()
#4 /opt/lampp/htdocs/prohum/vendor/codeigniter4/framework/system/CodeIgniter.php(918): App\Controllers\User->index()
#5 /opt/lampp/htdocs/prohum/vendor/codeigniter4/framework/system/CodeIgniter.php(404): CodeIgniter\CodeIgniter->runController()
#6 /opt/lampp/htdocs/prohum/vendor/codeigniter4/framework/system/CodeIgniter.php(312): CodeIgniter\CodeIgniter->handleRequest()
#7 /opt/lampp/htdocs/prohum/public/index.php(45): CodeIgniter\CodeIgniter->run()
#8 /opt/lampp/htdocs/prohum/vendor/codeigniter4/framework/system/Commands/Server/rewrite.php(34): require_once('/opt/lampp/htdo...')
#9 {main}
CRITICAL - 2021-01-28 02:31:01 --> Undefined variable: jmlAdm
#0 /opt/lampp/htdocs/prohum/app/Views/user/dashboard.php(31): CodeIgniter\Debug\Exceptions->errorHandler()
#1 /opt/lampp/htdocs/prohum/vendor/codeigniter4/framework/system/View/View.php(246): include('/opt/lampp/htdo...')
#2 /opt/lampp/htdocs/prohum/vendor/codeigniter4/framework/system/Common.php(1119): CodeIgniter\View\View->render()
#3 /opt/lampp/htdocs/prohum/app/Controllers/User.php(34): view()
#4 /opt/lampp/htdocs/prohum/vendor/codeigniter4/framework/system/CodeIgniter.php(918): App\Controllers\User->index()
#5 /opt/lampp/htdocs/prohum/vendor/codeigniter4/framework/system/CodeIgniter.php(404): CodeIgniter\CodeIgniter->runController()
#6 /opt/lampp/htdocs/prohum/vendor/codeigniter4/framework/system/CodeIgniter.php(312): CodeIgniter\CodeIgniter->handleRequest()
#7 /opt/lampp/htdocs/prohum/public/index.php(45): CodeIgniter\CodeIgniter->run()
#8 /opt/lampp/htdocs/prohum/vendor/codeigniter4/framework/system/Commands/Server/rewrite.php(34): require_once('/opt/lampp/htdo...')
#9 {main}
CRITICAL - 2021-01-28 02:31:10 --> Array to string conversion
#0 /opt/lampp/htdocs/prohum/app/Views/user/dashboard.php(31): CodeIgniter\Debug\Exceptions->errorHandler()
#1 /opt/lampp/htdocs/prohum/vendor/codeigniter4/framework/system/View/View.php(246): include('/opt/lampp/htdo...')
#2 /opt/lampp/htdocs/prohum/vendor/codeigniter4/framework/system/Common.php(1119): CodeIgniter\View\View->render()
#3 /opt/lampp/htdocs/prohum/app/Controllers/User.php(34): view()
#4 /opt/lampp/htdocs/prohum/vendor/codeigniter4/framework/system/CodeIgniter.php(918): App\Controllers\User->index()
#5 /opt/lampp/htdocs/prohum/vendor/codeigniter4/framework/system/CodeIgniter.php(404): CodeIgniter\CodeIgniter->runController()
#6 /opt/lampp/htdocs/prohum/vendor/codeigniter4/framework/system/CodeIgniter.php(312): CodeIgniter\CodeIgniter->handleRequest()
#7 /opt/lampp/htdocs/prohum/public/index.php(45): CodeIgniter\CodeIgniter->run()
#8 /opt/lampp/htdocs/prohum/vendor/codeigniter4/framework/system/Commands/Server/rewrite.php(34): require_once('/opt/lampp/htdo...')
#9 {main}
CRITICAL - 2021-01-28 02:31:48 --> Object of class stdClass could not be converted to string
#0 /opt/lampp/htdocs/prohum/vendor/codeigniter4/framework/system/View/View.php(246): include()
#1 /opt/lampp/htdocs/prohum/vendor/codeigniter4/framework/system/Common.php(1119): CodeIgniter\View\View->render()
#2 /opt/lampp/htdocs/prohum/app/Controllers/User.php(34): view()
#3 /opt/lampp/htdocs/prohum/vendor/codeigniter4/framework/system/CodeIgniter.php(918): App\Controllers\User->index()
#4 /opt/lampp/htdocs/prohum/vendor/codeigniter4/framework/system/CodeIgniter.php(404): CodeIgniter\CodeIgniter->runController()
#5 /opt/lampp/htdocs/prohum/vendor/codeigniter4/framework/system/CodeIgniter.php(312): CodeIgniter\CodeIgniter->handleRequest()
#6 /opt/lampp/htdocs/prohum/public/index.php(45): CodeIgniter\CodeIgniter->run()
#7 /opt/lampp/htdocs/prohum/vendor/codeigniter4/framework/system/Commands/Server/rewrite.php(34): require_once('/opt/lampp/htdo...')
#8 {main}
CRITICAL - 2021-01-28 02:31:49 --> Object of class stdClass could not be converted to string
#0 /opt/lampp/htdocs/prohum/vendor/codeigniter4/framework/system/View/View.php(246): include()
#1 /opt/lampp/htdocs/prohum/vendor/codeigniter4/framework/system/Common.php(1119): CodeIgniter\View\View->render()
#2 /opt/lampp/htdocs/prohum/app/Controllers/User.php(34): view()
#3 /opt/lampp/htdocs/prohum/vendor/codeigniter4/framework/system/CodeIgniter.php(918): App\Controllers\User->index()
#4 /opt/lampp/htdocs/prohum/vendor/codeigniter4/framework/system/CodeIgniter.php(404): CodeIgniter\CodeIgniter->runController()
#5 /opt/lampp/htdocs/prohum/vendor/codeigniter4/framework/system/CodeIgniter.php(312): CodeIgniter\CodeIgniter->handleRequest()
#6 /opt/lampp/htdocs/prohum/public/index.php(45): CodeIgniter\CodeIgniter->run()
#7 /opt/lampp/htdocs/prohum/vendor/codeigniter4/framework/system/Commands/Server/rewrite.php(34): require_once('/opt/lampp/htdo...')
#8 {main}
CRITICAL - 2021-01-28 02:32:00 --> Array to string conversion
#0 /opt/lampp/htdocs/prohum/app/Views/user/dashboard.php(31): CodeIgniter\Debug\Exceptions->errorHandler()
#1 /opt/lampp/htdocs/prohum/vendor/codeigniter4/framework/system/View/View.php(246): include('/opt/lampp/htdo...')
#2 /opt/lampp/htdocs/prohum/vendor/codeigniter4/framework/system/Common.php(1119): CodeIgniter\View\View->render()
#3 /opt/lampp/htdocs/prohum/app/Controllers/User.php(34): view()
#4 /opt/lampp/htdocs/prohum/vendor/codeigniter4/framework/system/CodeIgniter.php(918): App\Controllers\User->index()
#5 /opt/lampp/htdocs/prohum/vendor/codeigniter4/framework/system/CodeIgniter.php(404): CodeIgniter\CodeIgniter->runController()
#6 /opt/lampp/htdocs/prohum/vendor/codeigniter4/framework/system/CodeIgniter.php(312): CodeIgniter\CodeIgniter->handleRequest()
#7 /opt/lampp/htdocs/prohum/public/index.php(45): CodeIgniter\CodeIgniter->run()
#8 /opt/lampp/htdocs/prohum/vendor/codeigniter4/framework/system/Commands/Server/rewrite.php(34): require_once('/opt/lampp/htdo...')
#9 {main}
CRITICAL - 2021-01-28 02:32:00 --> Array to string conversion
#0 /opt/lampp/htdocs/prohum/app/Views/user/dashboard.php(31): CodeIgniter\Debug\Exceptions->errorHandler()
#1 /opt/lampp/htdocs/prohum/vendor/codeigniter4/framework/system/View/View.php(246): include('/opt/lampp/htdo...')
#2 /opt/lampp/htdocs/prohum/vendor/codeigniter4/framework/system/Common.php(1119): CodeIgniter\View\View->render()
#3 /opt/lampp/htdocs/prohum/app/Controllers/User.php(34): view()
#4 /opt/lampp/htdocs/prohum/vendor/codeigniter4/framework/system/CodeIgniter.php(918): App\Controllers\User->index()
#5 /opt/lampp/htdocs/prohum/vendor/codeigniter4/framework/system/CodeIgniter.php(404): CodeIgniter\CodeIgniter->runController()
#6 /opt/lampp/htdocs/prohum/vendor/codeigniter4/framework/system/CodeIgniter.php(312): CodeIgniter\CodeIgniter->handleRequest()
#7 /opt/lampp/htdocs/prohum/public/index.php(45): CodeIgniter\CodeIgniter->run()
#8 /opt/lampp/htdocs/prohum/vendor/codeigniter4/framework/system/Commands/Server/rewrite.php(34): require_once('/opt/lampp/htdo...')
#9 {main}
CRITICAL - 2021-01-28 02:32:23 --> Object of class stdClass could not be converted to string
#0 /opt/lampp/htdocs/prohum/vendor/codeigniter4/framework/system/View/View.php(246): include()
#1 /opt/lampp/htdocs/prohum/vendor/codeigniter4/framework/system/Common.php(1119): CodeIgniter\View\View->render()
#2 /opt/lampp/htdocs/prohum/app/Controllers/User.php(34): view()
#3 /opt/lampp/htdocs/prohum/vendor/codeigniter4/framework/system/CodeIgniter.php(918): App\Controllers\User->index()
#4 /opt/lampp/htdocs/prohum/vendor/codeigniter4/framework/system/CodeIgniter.php(404): CodeIgniter\CodeIgniter->runController()
#5 /opt/lampp/htdocs/prohum/vendor/codeigniter4/framework/system/CodeIgniter.php(312): CodeIgniter\CodeIgniter->handleRequest()
#6 /opt/lampp/htdocs/prohum/public/index.php(45): CodeIgniter\CodeIgniter->run()
#7 /opt/lampp/htdocs/prohum/vendor/codeigniter4/framework/system/Commands/Server/rewrite.php(34): require_once('/opt/lampp/htdo...')
#8 {main}
CRITICAL - 2021-01-28 02:35:21 --> Undefined variable: blmValidasi
#0 /opt/lampp/htdocs/prohum/app/Views/user/dashboard.php(49): CodeIgniter\Debug\Exceptions->errorHandler()
#1 /opt/lampp/htdocs/prohum/vendor/codeigniter4/framework/system/View/View.php(246): include('/opt/lampp/htdo...')
#2 /opt/lampp/htdocs/prohum/vendor/codeigniter4/framework/system/Common.php(1119): CodeIgniter\View\View->render()
#3 /opt/lampp/htdocs/prohum/app/Controllers/User.php(34): view()
#4 /opt/lampp/htdocs/prohum/vendor/codeigniter4/framework/system/CodeIgniter.php(918): App\Controllers\User->index()
#5 /opt/lampp/htdocs/prohum/vendor/codeigniter4/framework/system/CodeIgniter.php(404): CodeIgniter\CodeIgniter->runController()
#6 /opt/lampp/htdocs/prohum/vendor/codeigniter4/framework/system/CodeIgniter.php(312): CodeIgniter\CodeIgniter->handleRequest()
#7 /opt/lampp/htdocs/prohum/public/index.php(45): CodeIgniter\CodeIgniter->run()
#8 /opt/lampp/htdocs/prohum/vendor/codeigniter4/framework/system/Commands/Server/rewrite.php(34): require_once('/opt/lampp/htdo...')
#9 {main}
CRITICAL - 2021-01-28 02:35:37 --> Undefined variable: blmValidasi
#0 /opt/lampp/htdocs/prohum/app/Views/user/dashboard.php(49): CodeIgniter\Debug\Exceptions->errorHandler()
#1 /opt/lampp/htdocs/prohum/vendor/codeigniter4/framework/system/View/View.php(246): include('/opt/lampp/htdo...')
#2 /opt/lampp/htdocs/prohum/vendor/codeigniter4/framework/system/Common.php(1119): CodeIgniter\View\View->render()
#3 /opt/lampp/htdocs/prohum/app/Controllers/User.php(34): view()
#4 /opt/lampp/htdocs/prohum/vendor/codeigniter4/framework/system/CodeIgniter.php(918): App\Controllers\User->index()
#5 /opt/lampp/htdocs/prohum/vendor/codeigniter4/framework/system/CodeIgniter.php(404): CodeIgniter\CodeIgniter->runController()
#6 /opt/lampp/htdocs/prohum/vendor/codeigniter4/framework/system/CodeIgniter.php(312): CodeIgniter\CodeIgniter->handleRequest()
#7 /opt/lampp/htdocs/prohum/public/index.php(45): CodeIgniter\CodeIgniter->run()
#8 /opt/lampp/htdocs/prohum/vendor/codeigniter4/framework/system/Commands/Server/rewrite.php(34): require_once('/opt/lampp/htdo...')
#9 {main}
CRITICAL - 2021-01-28 02:56:00 --> You must set the database table to be used with your query.
#0 /opt/lampp/htdocs/prohum/vendor/codeigniter4/framework/system/Model.php(1237): CodeIgniter\Database\BaseConnection->table()
#1 /opt/lampp/htdocs/prohum/vendor/codeigniter4/framework/system/Model.php(1764): CodeIgniter\Model->builder()
#2 /opt/lampp/htdocs/prohum/app/Models/M_user.php(84): CodeIgniter\Model->__get()
#3 /opt/lampp/htdocs/prohum/app/Controllers/User.php(37): App\Models\M_user->getKatProduk()
#4 /opt/lampp/htdocs/prohum/vendor/codeigniter4/framework/system/CodeIgniter.php(918): App\Controllers\User->index()
#5 /opt/lampp/htdocs/prohum/vendor/codeigniter4/framework/system/CodeIgniter.php(404): CodeIgniter\CodeIgniter->runController()
#6 /opt/lampp/htdocs/prohum/vendor/codeigniter4/framework/system/CodeIgniter.php(312): CodeIgniter\CodeIgniter->handleRequest()
#7 /opt/lampp/htdocs/prohum/public/index.php(45): CodeIgniter\CodeIgniter->run()
#8 /opt/lampp/htdocs/prohum/vendor/codeigniter4/framework/system/Commands/Server/rewrite.php(34): require_once('/opt/lampp/htdo...')
#9 {main}
CRITICAL - 2021-01-28 02:56:00 --> You must set the database table to be used with your query.
#0 /opt/lampp/htdocs/prohum/vendor/codeigniter4/framework/system/Model.php(1237): CodeIgniter\Database\BaseConnection->table()
#1 /opt/lampp/htdocs/prohum/vendor/codeigniter4/framework/system/Model.php(1764): CodeIgniter\Model->builder()
#2 /opt/lampp/htdocs/prohum/app/Models/M_user.php(84): CodeIgniter\Model->__get()
#3 /opt/lampp/htdocs/prohum/app/Controllers/User.php(37): App\Models\M_user->getKatProduk()
#4 /opt/lampp/htdocs/prohum/vendor/codeigniter4/framework/system/CodeIgniter.php(918): App\Controllers\User->index()
#5 /opt/lampp/htdocs/prohum/vendor/codeigniter4/framework/system/CodeIgniter.php(404): CodeIgniter\CodeIgniter->runController()
#6 /opt/lampp/htdocs/prohum/vendor/codeigniter4/framework/system/CodeIgniter.php(312): CodeIgniter\CodeIgniter->handleRequest()
#7 /opt/lampp/htdocs/prohum/public/index.php(45): CodeIgniter\CodeIgniter->run()
#8 /opt/lampp/htdocs/prohum/vendor/codeigniter4/framework/system/Commands/Server/rewrite.php(34): require_once('/opt/lampp/htdo...')
#9 {main}
CRITICAL - 2021-01-28 19:59:59 --> Undefined property: CodeIgniter\View\View::$session
#0 /opt/lampp/htdocs/prohum/app/Views/data_table/data_admin.php(33): CodeIgniter\Debug\Exceptions->errorHandler()
#1 /opt/lampp/htdocs/prohum/vendor/codeigniter4/framework/system/View/View.php(246): include('/opt/lampp/htdo...')
#2 /opt/lampp/htdocs/prohum/vendor/codeigniter4/framework/system/Common.php(1119): CodeIgniter\View\View->render()
#3 /opt/lampp/htdocs/prohum/app/Controllers/Admin.php(28): view()
#4 /opt/lampp/htdocs/prohum/vendor/codeigniter4/framework/system/CodeIgniter.php(918): App\Controllers\Admin->index()
#5 /opt/lampp/htdocs/prohum/vendor/codeigniter4/framework/system/CodeIgniter.php(404): CodeIgniter\CodeIgniter->runController()
#6 /opt/lampp/htdocs/prohum/vendor/codeigniter4/framework/system/CodeIgniter.php(312): CodeIgniter\CodeIgniter->handleRequest()
#7 /opt/lampp/htdocs/prohum/public/index.php(45): CodeIgniter\CodeIgniter->run()
#8 /opt/lampp/htdocs/prohum/vendor/codeigniter4/framework/system/Commands/Server/rewrite.php(34): require_once('/opt/lampp/htdo...')
#9 {main}
CRITICAL - 2021-01-28 20:01:09 --> Undefined property: CodeIgniter\View\View::$session
#0 /opt/lampp/htdocs/prohum/app/Views/data_table/data_admin.php(33): CodeIgniter\Debug\Exceptions->errorHandler()
#1 /opt/lampp/htdocs/prohum/vendor/codeigniter4/framework/system/View/View.php(246): include('/opt/lampp/htdo...')
#2 /opt/lampp/htdocs/prohum/vendor/codeigniter4/framework/system/Common.php(1119): CodeIgniter\View\View->render()
#3 /opt/lampp/htdocs/prohum/app/Controllers/Admin.php(28): view()
#4 /opt/lampp/htdocs/prohum/vendor/codeigniter4/framework/system/CodeIgniter.php(918): App\Controllers\Admin->index()
#5 /opt/lampp/htdocs/prohum/vendor/codeigniter4/framework/system/CodeIgniter.php(404): CodeIgniter\CodeIgniter->runController()
#6 /opt/lampp/htdocs/prohum/vendor/codeigniter4/framework/system/CodeIgniter.php(312): CodeIgniter\CodeIgniter->handleRequest()
#7 /opt/lampp/htdocs/prohum/public/index.php(45): CodeIgniter\CodeIgniter->run()
#8 /opt/lampp/htdocs/prohum/vendor/codeigniter4/framework/system/Commands/Server/rewrite.php(34): require_once('/opt/lampp/htdo...')
#9 {main}
CRITICAL - 2021-01-28 20:05:04 --> Undefined variable: validation
#0 /opt/lampp/htdocs/prohum/app/Views/data_table/data_admin.php(100): CodeIgniter\Debug\Exceptions->errorHandler()
#1 /opt/lampp/htdocs/prohum/vendor/codeigniter4/framework/system/View/View.php(246): include('/opt/lampp/htdo...')
#2 /opt/lampp/htdocs/prohum/vendor/codeigniter4/framework/system/Common.php(1119): CodeIgniter\View\View->render()
#3 /opt/lampp/htdocs/prohum/app/Controllers/Admin.php(28): view()
#4 /opt/lampp/htdocs/prohum/vendor/codeigniter4/framework/system/CodeIgniter.php(918): App\Controllers\Admin->index()
#5 /opt/lampp/htdocs/prohum/vendor/codeigniter4/framework/system/CodeIgniter.php(404): CodeIgniter\CodeIgniter->runController()
#6 /opt/lampp/htdocs/prohum/vendor/codeigniter4/framework/system/CodeIgniter.php(312): CodeIgniter\CodeIgniter->handleRequest()
#7 /opt/lampp/htdocs/prohum/public/index.php(45): CodeIgniter\CodeIgniter->run()
#8 /opt/lampp/htdocs/prohum/vendor/codeigniter4/framework/system/Commands/Server/rewrite.php(34): require_once('/opt/lampp/htdo...')
#9 {main}
CRITICAL - 2021-01-28 20:06:26 --> Undefined property: App\Controllers\Admin::$validation
#0 /opt/lampp/htdocs/prohum/app/Controllers/Admin.php(26): CodeIgniter\Debug\Exceptions->errorHandler()
#1 /opt/lampp/htdocs/prohum/vendor/codeigniter4/framework/system/CodeIgniter.php(918): App\Controllers\Admin->index()
#2 /opt/lampp/htdocs/prohum/vendor/codeigniter4/framework/system/CodeIgniter.php(404): CodeIgniter\CodeIgniter->runController()
#3 /opt/lampp/htdocs/prohum/vendor/codeigniter4/framework/system/CodeIgniter.php(312): CodeIgniter\CodeIgniter->handleRequest()
#4 /opt/lampp/htdocs/prohum/public/index.php(45): CodeIgniter\CodeIgniter->run()
#5 /opt/lampp/htdocs/prohum/vendor/codeigniter4/framework/system/Commands/Server/rewrite.php(34): require_once('/opt/lampp/htdo...')
#6 {main}
CRITICAL - 2021-01-28 22:34:23 --> Trying to access array offset on value of type null
#0 /opt/lampp/htdocs/prohum/app/Views/layouts/sidebar_admin.php(19): CodeIgniter\Debug\Exceptions->errorHandler()
#1 /opt/lampp/htdocs/prohum/vendor/codeigniter4/framework/system/View/View.php(246): include('/opt/lampp/htdo...')
#2 /opt/lampp/htdocs/prohum/vendor/codeigniter4/framework/system/View/View.php(257): CodeIgniter\View\View->render()
#3 /opt/lampp/htdocs/prohum/vendor/codeigniter4/framework/system/Common.php(1119): CodeIgniter\View\View->render()
#4 /opt/lampp/htdocs/prohum/app/Controllers/Admin.php(30): view()
#5 /opt/lampp/htdocs/prohum/vendor/codeigniter4/framework/system/CodeIgniter.php(918): App\Controllers\Admin->index()
#6 /opt/lampp/htdocs/prohum/vendor/codeigniter4/framework/system/CodeIgniter.php(404): CodeIgniter\CodeIgniter->runController()
#7 /opt/lampp/htdocs/prohum/vendor/codeigniter4/framework/system/CodeIgniter.php(312): CodeIgniter\CodeIgniter->handleRequest()
#8 /opt/lampp/htdocs/prohum/public/index.php(45): CodeIgniter\CodeIgniter->run()
#9 /opt/lampp/htdocs/prohum/vendor/codeigniter4/framework/system/Commands/Server/rewrite.php(34): require_once('/opt/lampp/htdo...')
#10 {main}
CRITICAL - 2021-01-28 22:34:39 --> Trying to access array offset on value of type null
#0 /opt/lampp/htdocs/prohum/app/Views/layouts/sidebar_admin.php(19): CodeIgniter\Debug\Exceptions->errorHandler()
#1 /opt/lampp/htdocs/prohum/vendor/codeigniter4/framework/system/View/View.php(246): include('/opt/lampp/htdo...')
#2 /opt/lampp/htdocs/prohum/vendor/codeigniter4/framework/system/View/View.php(257): CodeIgniter\View\View->render()
#3 /opt/lampp/htdocs/prohum/vendor/codeigniter4/framework/system/Common.php(1119): CodeIgniter\View\View->render()
#4 /opt/lampp/htdocs/prohum/app/Controllers/Admin.php(30): view()
#5 /opt/lampp/htdocs/prohum/vendor/codeigniter4/framework/system/CodeIgniter.php(918): App\Controllers\Admin->index()
#6 /opt/lampp/htdocs/prohum/vendor/codeigniter4/framework/system/CodeIgniter.php(404): CodeIgniter\CodeIgniter->runController()
#7 /opt/lampp/htdocs/prohum/vendor/codeigniter4/framework/system/CodeIgniter.php(312): CodeIgniter\CodeIgniter->handleRequest()
#8 /opt/lampp/htdocs/prohum/public/index.php(45): CodeIgniter\CodeIgniter->run()
#9 /opt/lampp/htdocs/prohum/vendor/codeigniter4/framework/system/Commands/Server/rewrite.php(34): require_once('/opt/lampp/htdo...')
#10 {main}
