CRITICAL - 2021-01-29 01:11:29 --> Call to a member function getError() on null
#0 /opt/lampp/htdocs/prohum/vendor/codeigniter4/framework/system/CodeIgniter.php(918): App\Controllers\Admin->save()
#1 /opt/lampp/htdocs/prohum/vendor/codeigniter4/framework/system/CodeIgniter.php(404): CodeIgniter\CodeIgniter->runController()
#2 /opt/lampp/htdocs/prohum/vendor/codeigniter4/framework/system/CodeIgniter.php(312): CodeIgniter\CodeIgniter->handleRequest()
#3 /opt/lampp/htdocs/prohum/public/index.php(45): CodeIgniter\CodeIgniter->run()
#4 /opt/lampp/htdocs/prohum/vendor/codeigniter4/framework/system/Commands/Server/rewrite.php(34): require_once('/opt/lampp/htdo...')
#5 {main}
CRITICAL - 2021-01-29 01:18:31 --> Call to a member function getFile() on null
#0 /opt/lampp/htdocs/prohum/app/Controllers/Admin.php(66): App\Models\M_admin->save_admin()
#1 /opt/lampp/htdocs/prohum/vendor/codeigniter4/framework/system/CodeIgniter.php(918): App\Controllers\Admin->save()
#2 /opt/lampp/htdocs/prohum/vendor/codeigniter4/framework/system/CodeIgniter.php(404): CodeIgniter\CodeIgniter->runController()
#3 /opt/lampp/htdocs/prohum/vendor/codeigniter4/framework/system/CodeIgniter.php(312): CodeIgniter\CodeIgniter->handleRequest()
#4 /opt/lampp/htdocs/prohum/public/index.php(45): CodeIgniter\CodeIgniter->run()
#5 /opt/lampp/htdocs/prohum/vendor/codeigniter4/framework/system/Commands/Server/rewrite.php(34): require_once('/opt/lampp/htdo...')
#6 {main}
CRITICAL - 2021-01-29 01:19:37 --> Call to a member function getFile() on null
#0 /opt/lampp/htdocs/prohum/app/Controllers/Admin.php(66): App\Models\M_admin->save_admin()
#1 /opt/lampp/htdocs/prohum/vendor/codeigniter4/framework/system/CodeIgniter.php(918): App\Controllers\Admin->save()
#2 /opt/lampp/htdocs/prohum/vendor/codeigniter4/framework/system/CodeIgniter.php(404): CodeIgniter\CodeIgniter->runController()
#3 /opt/lampp/htdocs/prohum/vendor/codeigniter4/framework/system/CodeIgniter.php(312): CodeIgniter\CodeIgniter->handleRequest()
#4 /opt/lampp/htdocs/prohum/public/index.php(45): CodeIgniter\CodeIgniter->run()
#5 /opt/lampp/htdocs/prohum/vendor/codeigniter4/framework/system/Commands/Server/rewrite.php(34): require_once('/opt/lampp/htdo...')
#6 {main}
CRITICAL - 2021-01-29 01:19:51 --> Call to a member function getFile() on null
#0 /opt/lampp/htdocs/prohum/app/Controllers/Admin.php(66): App\Models\M_admin->save_admin()
#1 /opt/lampp/htdocs/prohum/vendor/codeigniter4/framework/system/CodeIgniter.php(918): App\Controllers\Admin->save()
#2 /opt/lampp/htdocs/prohum/vendor/codeigniter4/framework/system/CodeIgniter.php(404): CodeIgniter\CodeIgniter->runController()
#3 /opt/lampp/htdocs/prohum/vendor/codeigniter4/framework/system/CodeIgniter.php(312): CodeIgniter\CodeIgniter->handleRequest()
#4 /opt/lampp/htdocs/prohum/public/index.php(45): CodeIgniter\CodeIgniter->run()
#5 /opt/lampp/htdocs/prohum/vendor/codeigniter4/framework/system/Commands/Server/rewrite.php(34): require_once('/opt/lampp/htdo...')
#6 {main}
CRITICAL - 2021-01-29 01:21:14 --> Function name must be a string
#0 /opt/lampp/htdocs/prohum/app/Controllers/Admin.php(66): App\Models\M_admin->save_admin()
#1 /opt/lampp/htdocs/prohum/vendor/codeigniter4/framework/system/CodeIgniter.php(918): App\Controllers\Admin->save()
#2 /opt/lampp/htdocs/prohum/vendor/codeigniter4/framework/system/CodeIgniter.php(404): CodeIgniter\CodeIgniter->runController()
#3 /opt/lampp/htdocs/prohum/vendor/codeigniter4/framework/system/CodeIgniter.php(312): CodeIgniter\CodeIgniter->handleRequest()
#4 /opt/lampp/htdocs/prohum/public/index.php(45): CodeIgniter\CodeIgniter->run()
#5 /opt/lampp/htdocs/prohum/vendor/codeigniter4/framework/system/Commands/Server/rewrite.php(34): require_once('/opt/lampp/htdo...')
#6 {main}
CRITICAL - 2021-01-29 01:33:25 --> Too few arguments to function App\Controllers\Admin::save_update(), 0 passed in /opt/lampp/htdocs/prohum/vendor/codeigniter4/framework/system/CodeIgniter.php on line 918 and exactly 1 expected
#0 /opt/lampp/htdocs/prohum/vendor/codeigniter4/framework/system/CodeIgniter.php(918): App\Controllers\Admin->save_update()
#1 /opt/lampp/htdocs/prohum/vendor/codeigniter4/framework/system/CodeIgniter.php(404): CodeIgniter\CodeIgniter->runController()
#2 /opt/lampp/htdocs/prohum/vendor/codeigniter4/framework/system/CodeIgniter.php(312): CodeIgniter\CodeIgniter->handleRequest()
#3 /opt/lampp/htdocs/prohum/public/index.php(45): CodeIgniter\CodeIgniter->run()
#4 /opt/lampp/htdocs/prohum/vendor/codeigniter4/framework/system/Commands/Server/rewrite.php(34): require_once('/opt/lampp/htdo...')
#5 {main}
CRITICAL - 2021-01-29 01:40:04 --> unlink(upload1611905131_99392bed7353a586ece8.png): No such file or directory
#0 [internal function]: CodeIgniter\Debug\Exceptions->errorHandler()
#1 /opt/lampp/htdocs/prohum/app/Controllers/Admin.php(124): unlink()
#2 /opt/lampp/htdocs/prohum/vendor/codeigniter4/framework/system/CodeIgniter.php(918): App\Controllers\Admin->save_update()
#3 /opt/lampp/htdocs/prohum/vendor/codeigniter4/framework/system/CodeIgniter.php(404): CodeIgniter\CodeIgniter->runController()
#4 /opt/lampp/htdocs/prohum/vendor/codeigniter4/framework/system/CodeIgniter.php(312): CodeIgniter\CodeIgniter->handleRequest()
#5 /opt/lampp/htdocs/prohum/public/index.php(45): CodeIgniter\CodeIgniter->run()
#6 /opt/lampp/htdocs/prohum/vendor/codeigniter4/framework/system/Commands/Server/rewrite.php(34): require_once('/opt/lampp/htdo...')
#7 {main}
CRITICAL - 2021-01-29 01:46:22 --> Trying to access array offset on value of type null
#0 /opt/lampp/htdocs/prohum/app/Controllers/Admin.php(143): CodeIgniter\Debug\Exceptions->errorHandler()
#1 /opt/lampp/htdocs/prohum/vendor/codeigniter4/framework/system/CodeIgniter.php(918): App\Controllers\Admin->delete()
#2 /opt/lampp/htdocs/prohum/vendor/codeigniter4/framework/system/CodeIgniter.php(404): CodeIgniter\CodeIgniter->runController()
#3 /opt/lampp/htdocs/prohum/vendor/codeigniter4/framework/system/CodeIgniter.php(312): CodeIgniter\CodeIgniter->handleRequest()
#4 /opt/lampp/htdocs/prohum/public/index.php(45): CodeIgniter\CodeIgniter->run()
#5 /opt/lampp/htdocs/prohum/vendor/codeigniter4/framework/system/Commands/Server/rewrite.php(34): require_once('/opt/lampp/htdo...')
#6 {main}
CRITICAL - 2021-01-29 01:47:20 --> Trying to access array offset on value of type null
#0 /opt/lampp/htdocs/prohum/app/Controllers/Admin.php(143): CodeIgniter\Debug\Exceptions->errorHandler()
#1 /opt/lampp/htdocs/prohum/vendor/codeigniter4/framework/system/CodeIgniter.php(918): App\Controllers\Admin->delete()
#2 /opt/lampp/htdocs/prohum/vendor/codeigniter4/framework/system/CodeIgniter.php(404): CodeIgniter\CodeIgniter->runController()
#3 /opt/lampp/htdocs/prohum/vendor/codeigniter4/framework/system/CodeIgniter.php(312): CodeIgniter\CodeIgniter->handleRequest()
#4 /opt/lampp/htdocs/prohum/public/index.php(45): CodeIgniter\CodeIgniter->run()
#5 /opt/lampp/htdocs/prohum/vendor/codeigniter4/framework/system/Commands/Server/rewrite.php(34): require_once('/opt/lampp/htdo...')
#6 {main}
CRITICAL - 2021-01-29 01:47:57 --> Trying to access array offset on value of type null
#0 /opt/lampp/htdocs/prohum/app/Controllers/Admin.php(143): CodeIgniter\Debug\Exceptions->errorHandler()
#1 /opt/lampp/htdocs/prohum/vendor/codeigniter4/framework/system/CodeIgniter.php(918): App\Controllers\Admin->delete()
#2 /opt/lampp/htdocs/prohum/vendor/codeigniter4/framework/system/CodeIgniter.php(404): CodeIgniter\CodeIgniter->runController()
#3 /opt/lampp/htdocs/prohum/vendor/codeigniter4/framework/system/CodeIgniter.php(312): CodeIgniter\CodeIgniter->handleRequest()
#4 /opt/lampp/htdocs/prohum/public/index.php(45): CodeIgniter\CodeIgniter->run()
#5 /opt/lampp/htdocs/prohum/vendor/codeigniter4/framework/system/Commands/Server/rewrite.php(34): require_once('/opt/lampp/htdo...')
#6 {main}
CRITICAL - 2021-01-29 01:48:08 --> Trying to access array offset on value of type null
#0 /opt/lampp/htdocs/prohum/app/Controllers/Admin.php(143): CodeIgniter\Debug\Exceptions->errorHandler()
#1 /opt/lampp/htdocs/prohum/vendor/codeigniter4/framework/system/CodeIgniter.php(918): App\Controllers\Admin->delete()
#2 /opt/lampp/htdocs/prohum/vendor/codeigniter4/framework/system/CodeIgniter.php(404): CodeIgniter\CodeIgniter->runController()
#3 /opt/lampp/htdocs/prohum/vendor/codeigniter4/framework/system/CodeIgniter.php(312): CodeIgniter\CodeIgniter->handleRequest()
#4 /opt/lampp/htdocs/prohum/public/index.php(45): CodeIgniter\CodeIgniter->run()
#5 /opt/lampp/htdocs/prohum/vendor/codeigniter4/framework/system/Commands/Server/rewrite.php(34): require_once('/opt/lampp/htdo...')
#6 {main}
CRITICAL - 2021-01-29 01:48:21 --> Trying to access array offset on value of type null
#0 /opt/lampp/htdocs/prohum/app/Controllers/Admin.php(143): CodeIgniter\Debug\Exceptions->errorHandler()
#1 /opt/lampp/htdocs/prohum/vendor/codeigniter4/framework/system/CodeIgniter.php(918): App\Controllers\Admin->delete()
#2 /opt/lampp/htdocs/prohum/vendor/codeigniter4/framework/system/CodeIgniter.php(404): CodeIgniter\CodeIgniter->runController()
#3 /opt/lampp/htdocs/prohum/vendor/codeigniter4/framework/system/CodeIgniter.php(312): CodeIgniter\CodeIgniter->handleRequest()
#4 /opt/lampp/htdocs/prohum/public/index.php(45): CodeIgniter\CodeIgniter->run()
#5 /opt/lampp/htdocs/prohum/vendor/codeigniter4/framework/system/Commands/Server/rewrite.php(34): require_once('/opt/lampp/htdo...')
#6 {main}
